0 info it worked if it ends with ok
1 verbose cli [ 'C:\\Program Files\\nodejs\\node.exe',
1 verbose cli   'C:\\Program Files\\nodejs\\node_modules\\npm\\bin\\npm-cli.js',
1 verbose cli   'i',
1 verbose cli   '--package-lock-only',
1 verbose cli   '--prefix',
1 verbose cli   'c:/braparking/migrationtool' ]
2 info using npm@3.3.6
3 info using node@v5.0.0
4 silly loadCurrentTree Starting
5 silly install loadCurrentTree
6 silly install readGlobalPackageData
7 silly install normalizeTree
8 verbose stack TypeError: Path must be a string. Received null
8 verbose stack     at assertPath (path.js:8:11)
8 verbose stack     at Object.win32.resolve (path.js:130:5)
8 verbose stack     at module.exports (C:\Users\User\AppData\Roaming\nvm\v5.0.0\node_modules\npm\node_modules\realize-package-specifier\index.js:19:23)
8 verbose stack     at markDeps (C:\Users\User\AppData\Roaming\nvm\v5.0.0\node_modules\npm\lib\install\deps.js:88:5)
8 verbose stack     at C:\Users\User\AppData\Roaming\nvm\v5.0.0\node_modules\npm\node_modules\slide\lib\async-map.js:52:35
8 verbose stack     at Array.forEach (native)
8 verbose stack     at C:\Users\User\AppData\Roaming\nvm\v5.0.0\node_modules\npm\node_modules\slide\lib\async-map.js:52:11
8 verbose stack     at Array.forEach (native)
8 verbose stack     at asyncMap (C:\Users\User\AppData\Roaming\nvm\v5.0.0\node_modules\npm\node_modules\slide\lib\async-map.js:51:8)
8 verbose stack     at Array.<anonymous> (C:\Users\User\AppData\Roaming\nvm\v5.0.0\node_modules\npm\node_modules\slide\lib\bind-actor.js:15:8)
9 verbose cwd c:\braparking\migrationtool
10 error Windows_NT 10.0.19045
11 error argv "C:\\Program Files\\nodejs\\node.exe" "C:\\Program Files\\nodejs\\node_modules\\npm\\bin\\npm-cli.js" "i" "--package-lock-only" "--prefix" "c:/braparking/migrationtool"
12 error node v5.0.0
13 error npm  v3.3.6
14 error Path must be a string. Received null
15 error If you need help, you may report this error at:
15 error     <https://github.com/npm/npm/issues>
16 verbose exit [ 1, true ]
